então me ajude configurar manualmente minhas planilhas e depois alteramos o sheet_editor.py para conseguir abrir sem nenhum parâmetro, também precisamos adicionar essas tools manualmente em tools.xlsx, também percebi que falta o parâmetro module_path na minha planilha para os validadores simples e normal:

Reler ultimas versões de código enviadas por você para otimização e possível adequação a lógicas novas.
Faltou implementar pesquisa, vou criar o search_bar.py na pasta ui/tools.
Implementar mini-console da mesma largura do Espaço de trabalho, com uma linha para input e 3 para leitura ajustáveis.
______
Para não utilizar mais a planilha workspace_data vamos alterar as referências para a planilha engenharia.xlsx em todas partes necessárias, segue a nova estrutura da planilha engenharia.xlsx:^
{part_number;	part_description;	parent_part_number;	unidade_padrao_parent_part;	concat_child_part_pn_list_comma;	materia_prima_unidade;	materia_prima_quantidade;	part_type;}
100001;	Chapa de Aço Carbono 1/2";	200002;	KG;	;	;	;	item;
100002;	Motor Diesel Cummins X20;	200001;	PC;	;	;	;	purchased_part;
100003;	Cilindro Hidráulico Principal;	200003;	PC;	;	;	;	purchased_part;
100004;	Pneu Off-Road 29.5R25;	200001;	SC;	;	;	;	purchased_part;
Melhorar descricoes diferenciando cada um dos sheet validators, dizendo o que faz e saída do sheet_validator_simple na interface visível pelo usuário.
_____
acho que ainda dá para melhorar nosso código python confiando mais na planilha tools.xlsx, um código menor geralmente é mais dinâmico e a expansão dele traz adaptabilidade.

Por favor analise o código{def _executar_busca_workspace(self):

    """

    Busca um item no workspace_data e foca na árvore.

    O termo é comparado com o nome e tipo dos itens.

    """

    termo = self.workspace_search_input.text().strip().lower()

    if not termo:

        QMessageBox.information(self, "Busca vazia", "Digite algo para buscar.")

        return



    root = self.tree_widget.topLevelItem(0)

    if not root:

        return



    resultados = []

    for i in range(root.childCount()):

        item = root.child(i)

        nome = item.text(0).lower()

        tipo = item.text(1).lower()

        if termo in nome or termo in tipo:

            resultados.append(item)



    if not resultados:

        QMessageBox.information(self, "Sem resultados", f"Nenhum item encontrado para: {termo}")

        return



    self.tree_widget.clearSelection()

    for item in resultados:

        item.setHidden(False)

        item.setSelected(True)

        item.setExpanded(True)



    self.tree_widget.setCurrentItem(resultados[0])

}

para implementarmos uma barra de pesquisa na área de trabalho.
_
Adicionar tool(coloquei na pasta app_sheets/tools) que chamaremos de tools_line_generator.py e servirá para promptar o usuário a selecionar o arquivo do novo mod *.py e a planilha selecionada,
o usuário completando a linha através dos campos de texto no app, e assim adicionando o novo "MOD" na planilha tools.
me envie o script(coloquei na pasta app_sheets/tools):
sheet_validator_simple.py


mini console
save ui state to persist some session data and persist login username field

compartilhar main.py;


(desenvolver tool de admin para adicionar/atualizar mods carregados? garantir que novas tools colocadas na pasta são chamadas?)acho que já é assim


__

alterar endereço do sheet_validator para pasta app_sheets/tools, como os outros scripts de admin, também adicionar essas informações na planilha tools.xlsx, por exemplo como MOD000012 em diante, e então ver se não faltou tools baseado nas ui/tools/*.py anteriores:
segue a planilha tools atual, me mande a nova, que poderemos referenciar os cabeçalhos dinamicamente atraves do GUI:

rodei nosso script de admin update_user_sheets_metadata e esse foi o output, por algum motivo ele não conseguiu ler algumas planilhas, será que eu refaço elas manualmente:?
____
para tornar os módulos do app acessíveis atraves da gui, me envie as linhas que devem faltar nessa planilha, considerando os ui/tools/*.py discutidos anteriormente.
{mod_id;	mod_name;	mod_description;	module_path;	MOD_WORK_TABLE;	MOD_WORK_TABLE_PATH;	mod_comment_old;}
MOD000001;	Product Data;	Manage product info;	ui/tools/product_data.py;	output.xlsx;	/user_sheets/output.xlsx;	implement an item with parameters like measured unit,WEIGHT, if its made or bought/aquired, it must have format 6 digit number, maybe have parameters like group, supplier, price, last price, description,image, default deposit and storage address...;
MOD000002;	BOM Manager;	Bill of Materials;	ui/tools/bom_manager.py;	RPI.xlsx;	/user_sheets/RPI.xlsx;	implement a window to create BOM from product data and engineering lists and configure products for commecial order creation screen and product configuration;
MOD000003;	PRODUCT CONFIG.;	CONFIG-TELA-COMERCIAL;	ui/tools/configurador.py;	configurador.xlsx;	/user_sheets/configurador.xlsx;	implement window that lets user create programmes to integrate BOM with COMERCIAL;
MOD000004;	RH;	colaboradores-management;	ui/tools/colaboradores.py;	colaboradores.xlsx;	/user_sheets/colaboradores.xlsx;	MANAGE WORK FORCE DATA, IMPLEMENT SCREEN TO MANAGE THAT DATA AND FUCTIONS TO PRINT TEMPLATES NEEDED AKA DOCUMENTS;
MOD000005;	ENGENHARIA;	criação-item-produto-estrutura;	ui/tools/items.py;	output.xlsx;	/user_sheets/output.xlsx;	ITEM STRUCTURE TREE LIST VIEW FOR COMPONENTS AND MATÉRIA PRIMA, CAD INTEGRATION, DRAWING AND ENGINEERING INFORMATION, MASS, VOLUME;
MOD000006;	PROCESSO;	roteiro-info-eng-manufatura;	ui/tools/manufacturing.py;	RPI.xlsx;	/user_sheets/RPI.xlsx;	manufacturing process and transportation definition module;
MOD000007;	PCP;	reserva-de-pedidos;	ui/tools/pcp.py;	programacao.xlsx;	/user_sheets/programacao.xlsx;	production and material aquirement planning module(reservation from estoque);
MOD000008;	ESTOQUE;	gestao-deposito-inventario;	ui/tools/estoque.py;	estoque.xlsx;	/user_sheets/estoque.xlsx;	Stuff in our deposits and addresses within these places management modul;
MOD000009;	FINANC;	registrar movimentações;	ui/tools/financeiro.py;	financeiro.xlsx;	/user_sheets/financeiro.xlsx;	money management stuff to contabilize costs from all kinds of groups;
MOD000010;	COMERCIAL;	adicionar pedido;	ui/tools/pedidos.py;	pedidos.xlsx;	/user_sheets/pedidos.xlsx;	module to generate orders confirmed from customer, document parameters about this here, price, due date etc...;
MOD000011;	MANUTENÇÃO;	tabela de chamados;	ui/tools/manutencao.py;	manutencao.xlsx;	/user_sheets/manutencao.xlsx;	internal maintenance module to add/solve cases; description is essential here.;

____

sim, essa planilha já existe no local, por favor acho que não funcionará nossos scripts para refletir a parte:
"Criar/Reinicializar/atualizar planilhas" e "Cria ou reinicializa os arquivos '.xlsx' na pasta 'user_sheets' com as estruturas em db_updated. sem perda de dados das demais linhas>1(linhas maior que 1 do cabeçalho utilizadas no app)
a intenção é não mais tratar somente o engenharia.xlsx mas todas as planilhas de user_sheets, ao não ser a db.xlsx, também utilizar essa função para confirmar se os cabeçalhos das app_sheets são os originais atualizados.

Arrumar essa parte para puxar dados do engenharia.xlsx, criado pelo nosso scritp, que também tem que ser arrumado, já que está executando com sucesso porém não gera a planilha na pasta user_sheets como deveria.
Resolver problema da imagem ao tentar carregar Arquivos do Sistema (app_sheets)
Resolver esses scripts que não estão fazendo o que deveria.

tratar avisosde Aviso: Ignorando linha malformada na planilha 'access': None, None, None, None, None, None, None, None, None, None, None, None, None, None, None, None, None, None, None

WORKSPACE_DATA tem que ser carregado da memória sobre o usuário otherwise é inútil.
adapte o que você acabou de dizer para utilizar a pasta já existente "sheet validator" na raiz do projeto, também precisamos adicionar que iremos criar o uptade_user_sheets_metadata.py na pasta tools, e será uma ferramenta de admin como a outra que também mexe com db.xlsx, executável através da gui.

  File "C:\Users\leona\OneDrive\Documentos\GitHub\5REV-SHEETS\client\gui.py", line 36, in <module>
    from ui.tools.financeiro import FinanceolTool
ImportError: cannot import name 'FinanceolTool' from 'ui.tools.financeiro' (C:\Users\leona\OneDrive\Documentos\GitHub\5REV-SHEETS\ui\tools\financeiro.py)

faça um script rápido para atualizarmos nossas user_sheets para terem as informações de db.xlsx da página db_updated, sembrando, sem conjuntos de dados no meio do script.
faça nosso sheet_validator.py, da pasta raiz:5REV-SHEETS/sheet validator; ser capaz de verificar se os dados de db_db estão atualizados conforme os das demais planilhas das quais ele depende, ou retornar as diferenças.

WORKSPACE_DATA tem que ser carregado da memória sobre o usuário otherwise é inútil.
Implementar mini console com uma linha para digitar input e 3 para ler logs do app, da mesma largura que o espaço de trabalho do lado esquerdo.

oss'?

During handling of the above exception, another exception occurred:


    ~~~~~~~~~~~~~~~~~~^^^^^^^^^^^^^^^^^^^^^^^^^^^^^^^^^^^
TypeError: addText(self, text: Optional[str], font: QFont = QFont()): argument 2 has unexpected type 'QPointF';
vamos aproveitar que já temos que alterar mesmo para deixar essa tool integrada com nossas planilhas existente e com a capacidade de fazer diagramas similar a do sofware "Dia" de diagrams.
ele precisa salvar os workflows em alguma planilha existente na user_sheets e app_sheets; antes de desenvolver vou te mostrar mais dados inclusos no app, ok?

você esqueceu de colocar nas últimas mensagens a parte da janela de configurações do perfil logado, que tinha uma tela feita anteriormente para mostrar os campos do perfil.

criar tabela engenharia.xlsx com part_number parent_part_number que seria correspondente de cada part_number a uma estrutura de dados que contém a árvore de componentes(part_number, acompanha mais uma coluna contendo sua quantidade no item pai) e a matéria prima(são part_number também)
e utilizará a tool de visualisar estrutura(structure view tool) e gerenciador de bom e engenharia workflow tool e visto como somente leitura pelo items.py e pela rpi_tool;
fazer items.py utilizar estoque.xlsx linhas 1 e 2:


criar atalho no gui.py para executar a tool create_engenharia_xlsx.py (somente administrador, conforme no sistema já existente, se quiser posso compartilhar a estrutura do projeto)
Ajustar para sempre abrir o app em tela cheia após login.
Ajustar caminhos do arquivo e nomes do arqui tools para usarem dados atualizados do usuário na pasta user_sheets, por favor antes disso analisar minhas alteracoes na primeira linha e demais dados nas planilhas que vou enviar, são agora as mesmas contidas em user_sheets
em cada tool que é capaz de editar as células das planilhas, precisamos garantir que o usuário não colocará inputs do formato incorreto, o correto deve ser o mesmo tipo que o input da célula, e ser formatado corretamente quando for alterado.
Fazer tool para atualizar página db_db db.xlsx contentdo dados dos headers das planilhas do user_sheets e app_sheets;
tornar ação simulada de deletar arquivo real, dando proteção contra remocao e alteracao de nome para as planilhas:
user_sheets/
colaboradores.xlsx
configurador.xlsx
financeiro.xlsx
manutencao.xlsx
output.xlsx
pedidos.xlsx
programacao.xlsx
RPI.xlsx
estoque.xlsx
db.xlsx
engenharia.xlsx
app_sheets/
tools.xlsx
modules.xlsx
permissions.xlsx
roles_tools.xlsx
users.xlsx
main.xlsx
a página db_db, do arquivo db.xlsx deve ficar com a primeira coluna com os campos arquivo(correspondendo ao caminho do *xlsx) e nome_coluna(correspondendo a cada primeira linha de cada página de cada outra planilha mencionada) ,segunda coluna igual ao nome esrito na célula(por exempo o part_number)


