
adapte o que você acabou de dizer para utilizar a pasta já existente "sheet validator" na raiz do projeto, também precisamos adicionar que iremos criar o uptade_user_sheets_metadata.py na pasta tools, e será uma ferramenta de admin como a outra que também mexe com db.xlsx, executável através da gui.

  File "C:\Users\leona\OneDrive\Documentos\GitHub\5REV-SHEETS\client\gui.py", line 36, in <module>
    from ui.tools.financeiro import FinanceolTool
ImportError: cannot import name 'FinanceolTool' from 'ui.tools.financeiro' (C:\Users\leona\OneDrive\Documentos\GitHub\5REV-SHEETS\ui\tools\financeiro.py)

faça um script rápido para atualizarmos nossas user_sheets para terem as informações de db.xlsx da página db_updated, sembrando, sem conjuntos de dados no meio do script.
faça nosso sheet_validator.py, da pasta raiz:5REV-SHEETS/sheet validator; ser capaz de verificar se os dados de db_db estão atualizados conforme os das demais planilhas das quais ele depende, ou retornar as diferenças.

WORKSPACE_ITEMS tem que ser carregado da memória sobre o usuário otherwise é inútil.
Implementar mini console com uma linha para digitar input e 3 para ler logs do app, da mesma largura que o espaço de trabalho do lado esquerdo.

os arquivos da pasta app_sheets estão com erro ao tentar carregar.
o script create_engenharia_xlsx.py falhou em criar a planilha corretamente na pasta user_sheets.
  File "C:\Users\leona\OneDrive\Documentos\GitHub\5REV-SHEETS\client\gui.py", line 1319, in _run_create_engenharia_script
    result = subprocess.run([sys.executable, script_path], capture_output=True, text=True, check=True)
             ^^^^^^^^^^
NameError: name 'subprocess' is not defined. Did you forget to import 'subprocess'?

During handling of the above exception, another exception occurred:

Traceback (most recent call last):
  File "C:\Users\leona\OneDrive\Documentos\GitHub\5REV-SHEETS\client\gui.py", line 1325, in _run_create_engenharia_script
    except subprocess.CalledProcessError as e:
           ^^^^^^^^^^
NameError: name 'subprocess' is not defined. Did you forget to import 'subprocess'?

engenharia workflow bugou, com o erro:  File "C:\Users\leona\OneDrive\Documentos\GitHub\5REV-SHEETS\client\gui.py", line 507, in <lambda>
    action.triggered.connect(lambda chk=False, title=tool["name"]: self._open_tab(title, EngenhariaWorkflowTool()))
                                                                                         ~~~~~~~~~~~~~~~~~~~~~~^^
  File "C:\Users\leona\OneDrive\Documentos\GitHub\5REV-SHEETS\client\gui.py", line 315, in __init__
    self._add_sample_diagram_elements()
    ~~~~~~~~~~~~~~~~~~~~~~~~~~~~~~~~~^^
  File "C:\Users\leona\OneDrive\Documentos\GitHub\5REV-SHEETS\client\gui.py", line 339, in _add_sample_diagram_elements
    self.scene.addText("Fase de Design", QPointF(55, 65))
    ~~~~~~~~~~~~~~~~~~^^^^^^^^^^^^^^^^^^^^^^^^^^^^^^^^^^^
TypeError: addText(self, text: Optional[str], font: QFont = QFont()): argument 2 has unexpected type 'QPointF';
vamos aproveitar que já temos que alterar mesmo para deixar essa tool integrada com nossas planilhas existente e com a capacidade de fazer diagramas similar a do sofware "Dia" de diagrams.
ele precisa salvar os workflows em alguma planilha existente na user_sheets e app_sheets; antes de desenvolver vou te mostrar mais dados inclusos no app, ok?

você esqueceu de colocar nas últimas mensagens a parte da janela de configurações do perfil logado, que tinha uma tela feita anteriormente para mostrar os campos do perfil.

criar tabela engenharia.xlsx com part_number parent_part_number que seria correspondente de cada part_number a uma estrutura de dados que contém a árvore de componentes(part_number, acompanha mais uma coluna contendo sua quantidade no item pai) e a matéria prima(são part_number também)
e utilizará a tool de visualisar estrutura(structure view tool) e gerenciador de bom e engenharia workflow tool e visto como somente leitura pelo items.py e pela rpi_tool;
fazer items.py utilizar estoque.xlsx linhas 1 e 2:


criar atalho no gui.py para executar a tool create_engenharia_xlsx.py (somente administrador, conforme no sistema já existente, se quiser posso compartilhar a estrutura do projeto)
Ajustar para sempre abrir o app em tela cheia após login.
Ajustar caminhos do arquivo e nomes do arqui tools para usarem dados atualizados do usuário na pasta user_sheets, por favor antes disso analisar minhas alteracoes na primeira linha e demais dados nas planilhas que vou enviar, são agora as mesmas contidas em user_sheets
em cada tool que é capaz de editar as células das planilhas, precisamos garantir que o usuário não colocará inputs do formato incorreto, o correto deve ser o mesmo tipo que o input da célula, e ser formatado corretamente quando for alterado.
Fazer tool para atualizar página db_db db.xlsx contentdo dados dos headers das planilhas do user_sheets e app_sheets;
tornar ação simulada de deletar arquivo real, dando proteção contra remocao e alteracao de nome para as planilhas:
user_sheets/
colaboradores.xlsx
configurador.xlsx
financeiro.xlsx
manutencao.xlsx
output.xlsx
pedidos.xlsx
programacao.xlsx
RPI.xlsx
estoque.xlsx
db.xlsx
engenharia.xlsx
app_sheets/
tools.xlsx
modules.xlsx
permissions.xlsx
roles_tools.xlsx
users.xlsx
main.xlsx
a página db_db, do arquivo db.xlsx deve ficar com a primeira coluna com os campos arquivo(correspondendo ao caminho do *xlsx) e nome_coluna(correspondendo a cada primeira linha de cada página de cada outra planilha mencionada) ,segunda coluna igual ao nome esrito na célula(por exempo o part_number)

erros a corrigir:
nessa última versão enviada por você não está fazendo login com a tecla enter.
o app também está mostrando duplicatas das user sheets que realmente não estão nas planilhas.
ao abrir as tools que mexem com as planilhas, também deveria ser por padrão a primeira página da planilha, mas atualmente está definindo uma página com nome fixo.
  File "C:\Users\leona\OneDrive\Documentos\GitHub\5REV-SHEETS\client\gui.py", line 381, in <lambda>
    action.triggered.connect(lambda chk=False, title=tool["name"]: self._open_tab(title, EngenhariaWorkflowTool()))
                                                                                         ~~~~~~~~~~~~~~~~~~~~~~^^
  File "C:\Users\leona\OneDrive\Documentos\GitHub\5REV-SHEETS\client\gui.py", line 280, in __init__
    self._add_sample_diagram_elements()
    ~~~~~~~~~~~~~~~~~~~~~~~~~~~~~~~~~^^
  File "C:\Users\leona\OneDrive\Documentos\GitHub\5REV-SHEETS\client\gui.py", line 301, in _add_sample_diagram_elements
    node1 = self.scene.addRect(50, 50, 100, 50, QPen(Qt.black), QBrush(Qt.lightblue))
                                                                       ^^^^^^^^^^^^
AttributeError: type object 'Qt' has no attribute 'lightblue'


